{"C:\\Users\\Xitaris27\\Documents\\GitHub\\GraphWalker\\lib\\GraphWalkerConvertedToJS\\classes version\\Action.js":{"path":"C:\\Users\\Xitaris27\\Documents\\GitHub\\GraphWalker\\lib\\GraphWalkerConvertedToJS\\classes version\\Action.js","s":{"1":9,"2":0,"3":1},"b":{},"f":{"1":9,"2":0},"fnMap":{"1":{"name":"(anonymous_1)","line":3,"loc":{"start":{"line":3,"column":15},"end":{"line":3,"column":24}}},"2":{"name":"(anonymous_2)","line":7,"loc":{"start":{"line":7,"column":13},"end":{"line":7,"column":16}}}},"statementMap":{"1":{"start":{"line":4,"column":8},"end":{"line":4,"column":29}},"2":{"start":{"line":8,"column":8},"end":{"line":8,"column":27}},"3":{"start":{"line":13,"column":0},"end":{"line":13,"column":24}}},"branchMap":{}},"C:\\Users\\Xitaris27\\Documents\\GitHub\\GraphWalker\\lib\\GraphWalkerConvertedToJS\\classes version\\BuilderBase.js":{"path":"C:\\Users\\Xitaris27\\Documents\\GitHub\\GraphWalker\\lib\\GraphWalkerConvertedToJS\\classes version\\BuilderBase.js","s":{"1":1,"2":1,"3":1,"4":20,"5":20,"6":20,"7":20,"8":20,"9":17,"10":13,"11":13,"12":17,"13":15,"14":15,"15":17,"16":0,"17":0,"18":13,"19":13,"20":0,"21":17,"22":13,"23":13,"24":0,"25":0,"26":0,"27":1},"b":{},"f":{"1":20,"2":17,"3":13,"4":17,"5":15,"6":17,"7":0,"8":13,"9":0,"10":17,"11":13,"12":0,"13":0},"fnMap":{"1":{"name":"(anonymous_1)","line":8,"loc":{"start":{"line":8,"column":13},"end":{"line":8,"column":50}}},"2":{"name":"(anonymous_2)","line":16,"loc":{"start":{"line":16,"column":7},"end":{"line":16,"column":10}}},"3":{"name":"(anonymous_3)","line":21,"loc":{"start":{"line":21,"column":7},"end":{"line":21,"column":12}}},"4":{"name":"(anonymous_4)","line":26,"loc":{"start":{"line":26,"column":9},"end":{"line":26,"column":12}}},"5":{"name":"(anonymous_5)","line":31,"loc":{"start":{"line":31,"column":9},"end":{"line":31,"column":16}}},"6":{"name":"(anonymous_6)","line":36,"loc":{"start":{"line":36,"column":17},"end":{"line":36,"column":20}}},"7":{"name":"(anonymous_7)","line":41,"loc":{"start":{"line":41,"column":16},"end":{"line":41,"column":30}}},"8":{"name":"(anonymous_8)","line":47,"loc":{"start":{"line":47,"column":17},"end":{"line":47,"column":32}}},"9":{"name":"(anonymous_9)","line":52,"loc":{"start":{"line":52,"column":13},"end":{"line":52,"column":19}}},"10":{"name":"(anonymous_10)","line":56,"loc":{"start":{"line":56,"column":15},"end":{"line":56,"column":18}}},"11":{"name":"(anonymous_11)","line":61,"loc":{"start":{"line":61,"column":15},"end":{"line":61,"column":28}}},"12":{"name":"(anonymous_12)","line":67,"loc":{"start":{"line":67,"column":13},"end":{"line":67,"column":26}}},"13":{"name":"(anonymous_13)","line":72,"loc":{"start":{"line":72,"column":13},"end":{"line":72,"column":19}}}},"statementMap":{"1":{"start":{"line":1,"column":0},"end":{"line":1,"column":38}},"2":{"start":{"line":2,"column":0},"end":{"line":2,"column":55}},"3":{"start":{"line":3,"column":0},"end":{"line":3,"column":55}},"4":{"start":{"line":9,"column":4},"end":{"line":9,"column":12}},"5":{"start":{"line":10,"column":4},"end":{"line":10,"column":17}},"6":{"start":{"line":11,"column":4},"end":{"line":11,"column":21}},"7":{"start":{"line":12,"column":4},"end":{"line":12,"column":38}},"8":{"start":{"line":13,"column":4},"end":{"line":13,"column":35}},"9":{"start":{"line":17,"column":4},"end":{"line":17,"column":19}},"10":{"start":{"line":22,"column":4},"end":{"line":22,"column":17}},"11":{"start":{"line":23,"column":4},"end":{"line":23,"column":16}},"12":{"start":{"line":27,"column":4},"end":{"line":27,"column":21}},"13":{"start":{"line":32,"column":4},"end":{"line":32,"column":21}},"14":{"start":{"line":33,"column":4},"end":{"line":33,"column":16}},"15":{"start":{"line":37,"column":4},"end":{"line":37,"column":29}},"16":{"start":{"line":42,"column":4},"end":{"line":42,"column":39}},"17":{"start":{"line":43,"column":4},"end":{"line":43,"column":16}},"18":{"start":{"line":48,"column":4},"end":{"line":48,"column":50}},"19":{"start":{"line":49,"column":4},"end":{"line":49,"column":16}},"20":{"start":{"line":53,"column":4},"end":{"line":53,"column":36}},"21":{"start":{"line":57,"column":4},"end":{"line":57,"column":27}},"22":{"start":{"line":62,"column":4},"end":{"line":62,"column":46}},"23":{"start":{"line":63,"column":4},"end":{"line":63,"column":16}},"24":{"start":{"line":68,"column":4},"end":{"line":68,"column":36}},"25":{"start":{"line":69,"column":4},"end":{"line":69,"column":16}},"26":{"start":{"line":73,"column":4},"end":{"line":73,"column":36}},"27":{"start":{"line":77,"column":0},"end":{"line":77,"column":29}}},"branchMap":{}},"C:\\Users\\Xitaris27\\Documents\\GitHub\\GraphWalker\\lib\\GraphWalkerConvertedToJS\\classes version\\Builder.js":{"path":"C:\\Users\\Xitaris27\\Documents\\GitHub\\GraphWalker\\lib\\GraphWalkerConvertedToJS\\classes version\\Builder.js","s":{"1":1},"b":{},"f":{"1":0},"fnMap":{"1":{"name":"(anonymous_1)","line":2,"loc":{"start":{"line":2,"column":9},"end":{"line":2,"column":12}}}},"statementMap":{"1":{"start":{"line":5,"column":0},"end":{"line":5,"column":25}}},"branchMap":{}},"C:\\Users\\Xitaris27\\Documents\\GitHub\\GraphWalker\\lib\\GraphWalkerConvertedToJS\\classes version\\CachedBuilder.js":{"path":"C:\\Users\\Xitaris27\\Documents\\GitHub\\GraphWalker\\lib\\GraphWalkerConvertedToJS\\classes version\\CachedBuilder.js","s":{"1":1,"2":1,"3":16,"4":16,"5":16,"6":85,"7":13,"8":8,"9":13,"10":12,"11":12,"12":14,"13":14,"14":0,"15":0,"16":12,"17":12,"18":12,"19":12,"20":0,"21":0,"22":1},"b":{"1":[8,5]},"f":{"1":16,"2":85,"3":0,"4":13,"5":12,"6":14,"7":0,"8":12,"9":12,"10":0},"fnMap":{"1":{"name":"(anonymous_1)","line":10,"loc":{"start":{"line":10,"column":13},"end":{"line":10,"column":16}}},"2":{"name":"(anonymous_2)","line":16,"loc":{"start":{"line":16,"column":17},"end":{"line":16,"column":20}}},"3":{"name":"(anonymous_3)","line":20,"loc":{"start":{"line":20,"column":13},"end":{"line":20,"column":16}}},"4":{"name":"(anonymous_4)","line":23,"loc":{"start":{"line":23,"column":7},"end":{"line":23,"column":10}}},"5":{"name":"(anonymous_5)","line":31,"loc":{"start":{"line":31,"column":7},"end":{"line":31,"column":12}}},"6":{"name":"(anonymous_6)","line":37,"loc":{"start":{"line":37,"column":9},"end":{"line":37,"column":16}}},"7":{"name":"(anonymous_7)","line":43,"loc":{"start":{"line":43,"column":16},"end":{"line":43,"column":30}}},"8":{"name":"(anonymous_8)","line":49,"loc":{"start":{"line":49,"column":17},"end":{"line":49,"column":32}}},"9":{"name":"(anonymous_9)","line":55,"loc":{"start":{"line":55,"column":15},"end":{"line":55,"column":28}}},"10":{"name":"(anonymous_10)","line":61,"loc":{"start":{"line":61,"column":13},"end":{"line":61,"column":26}}}},"statementMap":{"1":{"start":{"line":5,"column":0},"end":{"line":5,"column":46}},"2":{"start":{"line":6,"column":0},"end":{"line":6,"column":38}},"3":{"start":{"line":11,"column":4},"end":{"line":11,"column":12}},"4":{"start":{"line":12,"column":4},"end":{"line":12,"column":22}},"5":{"start":{"line":13,"column":4},"end":{"line":13,"column":33}},"6":{"start":{"line":17,"column":4},"end":{"line":17,"column":22}},"7":{"start":{"line":24,"column":4},"end":{"line":26,"column":5}},"8":{"start":{"line":25,"column":6},"end":{"line":25,"column":38}},"9":{"start":{"line":27,"column":4},"end":{"line":27,"column":22}},"10":{"start":{"line":32,"column":4},"end":{"line":32,"column":27}},"11":{"start":{"line":33,"column":4},"end":{"line":33,"column":27}},"12":{"start":{"line":38,"column":4},"end":{"line":38,"column":27}},"13":{"start":{"line":39,"column":4},"end":{"line":39,"column":31}},"14":{"start":{"line":44,"column":4},"end":{"line":44,"column":27}},"15":{"start":{"line":45,"column":4},"end":{"line":45,"column":45}},"16":{"start":{"line":50,"column":4},"end":{"line":50,"column":27}},"17":{"start":{"line":51,"column":4},"end":{"line":51,"column":47}},"18":{"start":{"line":56,"column":4},"end":{"line":56,"column":27}},"19":{"start":{"line":57,"column":4},"end":{"line":57,"column":43}},"20":{"start":{"line":62,"column":4},"end":{"line":62,"column":27}},"21":{"start":{"line":63,"column":4},"end":{"line":63,"column":41}},"22":{"start":{"line":67,"column":0},"end":{"line":67,"column":31}}},"branchMap":{"1":{"line":24,"type":"if","locations":[{"start":{"line":24,"column":4},"end":{"line":24,"column":4}},{"start":{"line":24,"column":4},"end":{"line":24,"column":4}}]}}},"C:\\Users\\Xitaris27\\Documents\\GitHub\\GraphWalker\\lib\\GraphWalkerConvertedToJS\\classes version\\Objects.js":{"path":"C:\\Users\\Xitaris27\\Documents\\GitHub\\GraphWalker\\lib\\GraphWalkerConvertedToJS\\classes version\\Objects.js","s":{"1":0,"2":49,"3":13,"4":14,"5":0,"6":0,"7":0,"8":0,"9":0,"10":1},"b":{"1":[0,0],"2":[49,37],"3":[0,0,0]},"f":{"1":52,"2":0,"3":49,"4":13,"5":14,"6":0,"7":0,"8":0,"9":0,"10":0},"fnMap":{"1":{"name":"(anonymous_1)","line":10,"loc":{"start":{"line":10,"column":13},"end":{"line":10,"column":16}}},"2":{"name":"(anonymous_2)","line":12,"loc":{"start":{"line":12,"column":15},"end":{"line":12,"column":24}}},"3":{"name":"(anonymous_3)","line":15,"loc":{"start":{"line":15,"column":18},"end":{"line":15,"column":27}}},"4":{"name":"(anonymous_4)","line":52,"loc":{"start":{"line":52,"column":8},"end":{"line":52,"column":17}}},"5":{"name":"(anonymous_5)","line":56,"loc":{"start":{"line":56,"column":11},"end":{"line":56,"column":20}}},"6":{"name":"(anonymous_6)","line":60,"loc":{"start":{"line":60,"column":8},"end":{"line":60,"column":15}}},"7":{"name":"(anonymous_7)","line":64,"loc":{"start":{"line":64,"column":6},"end":{"line":64,"column":15}}},"8":{"name":"(anonymous_8)","line":70,"loc":{"start":{"line":70,"column":18},"end":{"line":70,"column":25}}},"9":{"name":"(anonymous_9)","line":74,"loc":{"start":{"line":74,"column":17},"end":{"line":74,"column":23}}},"10":{"name":"(anonymous_10)","line":78,"loc":{"start":{"line":78,"column":17},"end":{"line":78,"column":23}}}},"statementMap":{"1":{"start":{"line":13,"column":4},"end":{"line":13,"column":49}},"2":{"start":{"line":16,"column":4},"end":{"line":16,"column":49}},"3":{"start":{"line":53,"column":4},"end":{"line":53,"column":26}},"4":{"start":{"line":57,"column":4},"end":{"line":57,"column":26}},"5":{"start":{"line":61,"column":4},"end":{"line":61,"column":62}},"6":{"start":{"line":65,"column":4},"end":{"line":65,"column":35}},"7":{"start":{"line":71,"column":4},"end":{"line":71,"column":61}},"8":{"start":{"line":75,"column":4},"end":{"line":75,"column":57}},"9":{"start":{"line":79,"column":4},"end":{"line":79,"column":57}},"10":{"start":{"line":83,"column":0},"end":{"line":83,"column":25}}},"branchMap":{"1":{"line":13,"type":"binary-expr","locations":[{"start":{"line":13,"column":11},"end":{"line":13,"column":25}},{"start":{"line":13,"column":29},"end":{"line":13,"column":48}}]},"2":{"line":16,"type":"binary-expr","locations":[{"start":{"line":16,"column":11},"end":{"line":16,"column":25}},{"start":{"line":16,"column":29},"end":{"line":16,"column":48}}]},"3":{"line":61,"type":"binary-expr","locations":[{"start":{"line":61,"column":12},"end":{"line":61,"column":18}},{"start":{"line":61,"column":24},"end":{"line":61,"column":41}},{"start":{"line":61,"column":45},"end":{"line":61,"column":60}}]}}},"C:\\Users\\Xitaris27\\Documents\\GitHub\\GraphWalker\\lib\\GraphWalkerConvertedToJS\\classes version\\Edge.js":{"path":"C:\\Users\\Xitaris27\\Documents\\GitHub\\GraphWalker\\lib\\GraphWalkerConvertedToJS\\classes version\\Edge.js","s":{"1":1,"2":1,"3":1,"4":1,"5":6,"6":6,"7":6,"8":6,"9":6,"10":6,"11":6,"12":5,"13":5,"14":5,"15":11,"16":5,"17":5,"18":5,"19":11,"20":2,"21":2,"22":2,"23":5,"24":0,"25":0,"26":0,"27":0,"28":0,"29":0,"30":0,"31":0,"32":0,"33":5,"34":5,"35":5,"36":5,"37":5,"38":5,"39":5,"40":5,"41":3,"42":3,"43":3,"44":3,"45":3,"46":1},"b":{"1":[0,0],"2":[0,0]},"f":{"1":6,"2":5,"3":11,"4":5,"5":11,"6":2,"7":5,"8":0,"9":0,"10":5,"11":5,"12":5,"13":5,"14":3,"15":3,"16":3},"fnMap":{"1":{"name":"(anonymous_1)","line":31,"loc":{"start":{"line":31,"column":14},"end":{"line":31,"column":17}}},"2":{"name":"(anonymous_2)","line":46,"loc":{"start":{"line":46,"column":17},"end":{"line":46,"column":26}}},"3":{"name":"(anonymous_3)","line":58,"loc":{"start":{"line":58,"column":17},"end":{"line":58,"column":20}}},"4":{"name":"(anonymous_4)","line":68,"loc":{"start":{"line":68,"column":17},"end":{"line":68,"column":26}}},"5":{"name":"(anonymous_5)","line":80,"loc":{"start":{"line":80,"column":17},"end":{"line":80,"column":20}}},"6":{"name":"(anonymous_6)","line":93,"loc":{"start":{"line":93,"column":10},"end":{"line":93,"column":18}}},"7":{"name":"(anonymous_7)","line":105,"loc":{"start":{"line":105,"column":10},"end":{"line":105,"column":13}}},"8":{"name":"(anonymous_8)","line":116,"loc":{"start":{"line":116,"column":11},"end":{"line":116,"column":21}}},"9":{"name":"(anonymous_9)","line":126,"loc":{"start":{"line":126,"column":12},"end":{"line":126,"column":22}}},"10":{"name":"(anonymous_10)","line":149,"loc":{"start":{"line":149,"column":12},"end":{"line":149,"column":22}}},"11":{"name":"(anonymous_11)","line":161,"loc":{"start":{"line":161,"column":12},"end":{"line":161,"column":15}}},"12":{"name":"(anonymous_12)","line":171,"loc":{"start":{"line":171,"column":11},"end":{"line":171,"column":14}}},"13":{"name":"(anonymous_13)","line":182,"loc":{"start":{"line":182,"column":11},"end":{"line":182,"column":20}}},"14":{"name":"(anonymous_14)","line":194,"loc":{"start":{"line":194,"column":13},"end":{"line":194,"column":16}}},"15":{"name":"(anonymous_15)","line":204,"loc":{"start":{"line":204,"column":15},"end":{"line":204,"column":18}}},"16":{"name":"(anonymous_16)","line":216,"loc":{"start":{"line":216,"column":15},"end":{"line":216,"column":28}}}},"statementMap":{"1":{"start":{"line":16,"column":0},"end":{"line":16,"column":50}},"2":{"start":{"line":17,"column":0},"end":{"line":17,"column":52}},"3":{"start":{"line":19,"column":0},"end":{"line":19,"column":46}},"4":{"start":{"line":20,"column":0},"end":{"line":20,"column":36}},"5":{"start":{"line":32,"column":4},"end":{"line":32,"column":12}},"6":{"start":{"line":33,"column":4},"end":{"line":33,"column":22}},"7":{"start":{"line":34,"column":4},"end":{"line":34,"column":22}},"8":{"start":{"line":35,"column":4},"end":{"line":35,"column":15}},"9":{"start":{"line":36,"column":4},"end":{"line":36,"column":22}},"10":{"start":{"line":37,"column":4},"end":{"line":37,"column":22}},"11":{"start":{"line":38,"column":4},"end":{"line":38,"column":24}},"12":{"start":{"line":47,"column":4},"end":{"line":47,"column":31}},"13":{"start":{"line":48,"column":4},"end":{"line":48,"column":27}},"14":{"start":{"line":49,"column":4},"end":{"line":49,"column":16}},"15":{"start":{"line":59,"column":4},"end":{"line":59,"column":29}},"16":{"start":{"line":69,"column":4},"end":{"line":69,"column":31}},"17":{"start":{"line":70,"column":4},"end":{"line":70,"column":27}},"18":{"start":{"line":71,"column":4},"end":{"line":71,"column":16}},"19":{"start":{"line":81,"column":4},"end":{"line":81,"column":29}},"20":{"start":{"line":94,"column":4},"end":{"line":94,"column":23}},"21":{"start":{"line":95,"column":4},"end":{"line":95,"column":27}},"22":{"start":{"line":96,"column":4},"end":{"line":96,"column":16}},"23":{"start":{"line":106,"column":4},"end":{"line":106,"column":22}},"24":{"start":{"line":117,"column":4},"end":{"line":117,"column":31}},"25":{"start":{"line":118,"column":4},"end":{"line":118,"column":27}},"26":{"start":{"line":119,"column":4},"end":{"line":119,"column":16}},"27":{"start":{"line":129,"column":4},"end":{"line":136,"column":5}},"28":{"start":{"line":130,"column":6},"end":{"line":130,"column":50}},"29":{"start":{"line":132,"column":9},"end":{"line":136,"column":5}},"30":{"start":{"line":133,"column":6},"end":{"line":135,"column":7}},"31":{"start":{"line":134,"column":8},"end":{"line":134,"column":40}},"32":{"start":{"line":138,"column":4},"end":{"line":138,"column":16}},"33":{"start":{"line":150,"column":4},"end":{"line":150,"column":27}},"34":{"start":{"line":151,"column":4},"end":{"line":151,"column":27}},"35":{"start":{"line":152,"column":4},"end":{"line":152,"column":16}},"36":{"start":{"line":162,"column":4},"end":{"line":162,"column":24}},"37":{"start":{"line":172,"column":4},"end":{"line":172,"column":23}},"38":{"start":{"line":183,"column":4},"end":{"line":183,"column":25}},"39":{"start":{"line":184,"column":4},"end":{"line":184,"column":27}},"40":{"start":{"line":185,"column":4},"end":{"line":185,"column":16}},"41":{"start":{"line":195,"column":4},"end":{"line":195,"column":33}},"42":{"start":{"line":205,"column":4},"end":{"line":205,"column":27}},"43":{"start":{"line":217,"column":4},"end":{"line":217,"column":33}},"44":{"start":{"line":218,"column":4},"end":{"line":218,"column":27}},"45":{"start":{"line":219,"column":4},"end":{"line":219,"column":16}},"46":{"start":{"line":224,"column":0},"end":{"line":224,"column":22}}},"branchMap":{"1":{"line":129,"type":"if","locations":[{"start":{"line":129,"column":4},"end":{"line":129,"column":4}},{"start":{"line":129,"column":4},"end":{"line":129,"column":4}}]},"2":{"line":132,"type":"if","locations":[{"start":{"line":132,"column":9},"end":{"line":132,"column":9}},{"start":{"line":132,"column":9},"end":{"line":132,"column":9}}]}}},"C:\\Users\\Xitaris27\\Documents\\GitHub\\GraphWalker\\lib\\GraphWalkerConvertedToJS\\classes version\\ElementVisitor.js":{"path":"C:\\Users\\Xitaris27\\Documents\\GitHub\\GraphWalker\\lib\\GraphWalkerConvertedToJS\\classes version\\ElementVisitor.js","s":{"1":1},"b":{},"f":{"1":0},"fnMap":{"1":{"name":"(anonymous_1)","line":33,"loc":{"start":{"line":33,"column":7},"end":{"line":33,"column":17}}}},"statementMap":{"1":{"start":{"line":37,"column":0},"end":{"line":37,"column":32}}},"branchMap":{}},"C:\\Users\\Xitaris27\\Documents\\GitHub\\GraphWalker\\lib\\GraphWalkerConvertedToJS\\classes version\\RuntimeEdge.js":{"path":"C:\\Users\\Xitaris27\\Documents\\GitHub\\GraphWalker\\lib\\GraphWalkerConvertedToJS\\classes version\\RuntimeEdge.js","s":{"1":1,"2":1,"3":3,"4":3,"5":3,"6":3,"7":3,"8":3,"9":2,"10":2,"11":0,"12":0,"13":0,"14":0,"15":0,"16":0,"17":0,"18":0,"19":0,"20":0,"21":0,"22":0,"23":0,"24":0,"25":0,"26":0,"27":0,"28":0,"29":1,"30":6,"31":6,"32":1},"b":{"1":[0,0],"2":[0,0],"3":[0,0],"4":[0,0],"5":[0,0],"6":[0,0],"7":[0,0],"8":[0,0,0,0,0],"9":[6,0]},"f":{"1":3,"2":2,"3":2,"4":0,"5":0,"6":0,"7":0,"8":0,"9":0,"10":0,"11":0,"12":6},"fnMap":{"1":{"name":"(anonymous_1)","line":15,"loc":{"start":{"line":15,"column":13},"end":{"line":15,"column":20}}},"2":{"name":"(anonymous_2)","line":33,"loc":{"start":{"line":33,"column":17},"end":{"line":33,"column":20}}},"3":{"name":"(anonymous_3)","line":43,"loc":{"start":{"line":43,"column":17},"end":{"line":43,"column":20}}},"4":{"name":"(anonymous_4)","line":53,"loc":{"start":{"line":53,"column":10},"end":{"line":53,"column":13}}},"5":{"name":"(anonymous_5)","line":57,"loc":{"start":{"line":57,"column":10},"end":{"line":57,"column":13}}},"6":{"name":"(anonymous_6)","line":67,"loc":{"start":{"line":67,"column":11},"end":{"line":67,"column":14}}},"7":{"name":"(anonymous_7)","line":75,"loc":{"start":{"line":75,"column":8},"end":{"line":75,"column":18}}},"8":{"name":"(anonymous_8)","line":80,"loc":{"start":{"line":80,"column":10},"end":{"line":80,"column":13}}},"9":{"name":"(anonymous_9)","line":96,"loc":{"start":{"line":96,"column":8},"end":{"line":96,"column":17}}},"10":{"name":"(anonymous_10)","line":115,"loc":{"start":{"line":115,"column":15},"end":{"line":115,"column":18}}},"11":{"name":"(anonymous_11)","line":125,"loc":{"start":{"line":125,"column":23},"end":{"line":125,"column":26}}},"12":{"name":"build","line":131,"loc":{"start":{"line":131,"column":0},"end":{"line":131,"column":24}}}},"statementMap":{"1":{"start":{"line":10,"column":0},"end":{"line":10,"column":38}},"2":{"start":{"line":11,"column":0},"end":{"line":11,"column":46}},"3":{"start":{"line":16,"column":4},"end":{"line":16,"column":105}},"4":{"start":{"line":17,"column":4},"end":{"line":17,"column":54}},"5":{"start":{"line":18,"column":4},"end":{"line":18,"column":54}},"6":{"start":{"line":19,"column":4},"end":{"line":19,"column":33}},"7":{"start":{"line":20,"column":4},"end":{"line":20,"column":35}},"8":{"start":{"line":21,"column":4},"end":{"line":21,"column":43}},"9":{"start":{"line":34,"column":4},"end":{"line":34,"column":29}},"10":{"start":{"line":44,"column":4},"end":{"line":44,"column":29}},"11":{"start":{"line":54,"column":4},"end":{"line":54,"column":22}},"12":{"start":{"line":58,"column":4},"end":{"line":58,"column":77}},"13":{"start":{"line":68,"column":4},"end":{"line":68,"column":23}},"14":{"start":{"line":76,"column":4},"end":{"line":76,"column":24}},"15":{"start":{"line":81,"column":4},"end":{"line":81,"column":21}},"16":{"start":{"line":82,"column":4},"end":{"line":82,"column":19}},"17":{"start":{"line":83,"column":4},"end":{"line":83,"column":81}},"18":{"start":{"line":84,"column":4},"end":{"line":85,"column":81}},"19":{"start":{"line":86,"column":4},"end":{"line":87,"column":81}},"20":{"start":{"line":88,"column":4},"end":{"line":89,"column":69}},"21":{"start":{"line":90,"column":4},"end":{"line":91,"column":77}},"22":{"start":{"line":92,"column":4},"end":{"line":92,"column":18}},"23":{"start":{"line":97,"column":4},"end":{"line":99,"column":5}},"24":{"start":{"line":98,"column":6},"end":{"line":98,"column":19}},"25":{"start":{"line":100,"column":4},"end":{"line":100,"column":69}},"26":{"start":{"line":102,"column":4},"end":{"line":106,"column":74}},"27":{"start":{"line":116,"column":4},"end":{"line":116,"column":27}},"28":{"start":{"line":126,"column":6},"end":{"line":126,"column":43}},"29":{"start":{"line":131,"column":0},"end":{"line":134,"column":1}},"30":{"start":{"line":132,"column":2},"end":{"line":132,"column":30}},"31":{"start":{"line":133,"column":2},"end":{"line":133,"column":61}},"32":{"start":{"line":136,"column":0},"end":{"line":136,"column":29}}},"branchMap":{"1":{"line":58,"type":"binary-expr","locations":[{"start":{"line":58,"column":11},"end":{"line":58,"column":32}},{"start":{"line":58,"column":36},"end":{"line":58,"column":76}}]},"2":{"line":83,"type":"cond-expr","locations":[{"start":{"line":83,"column":54},"end":{"line":83,"column":55}},{"start":{"line":83,"column":58},"end":{"line":83,"column":79}}]},"3":{"line":85,"type":"cond-expr","locations":[{"start":{"line":85,"column":47},"end":{"line":85,"column":48}},{"start":{"line":85,"column":51},"end":{"line":85,"column":79}}]},"4":{"line":87,"type":"cond-expr","locations":[{"start":{"line":87,"column":47},"end":{"line":87,"column":48}},{"start":{"line":87,"column":51},"end":{"line":87,"column":79}}]},"5":{"line":89,"type":"cond-expr","locations":[{"start":{"line":89,"column":41},"end":{"line":89,"column":42}},{"start":{"line":89,"column":45},"end":{"line":89,"column":67}}]},"6":{"line":91,"type":"cond-expr","locations":[{"start":{"line":91,"column":45},"end":{"line":91,"column":46}},{"start":{"line":91,"column":49},"end":{"line":91,"column":75}}]},"7":{"line":97,"type":"if","locations":[{"start":{"line":97,"column":4},"end":{"line":97,"column":4}},{"start":{"line":97,"column":4},"end":{"line":97,"column":4}}]},"8":{"line":102,"type":"binary-expr","locations":[{"start":{"line":102,"column":11},"end":{"line":102,"column":76}},{"start":{"line":103,"column":12},"end":{"line":103,"column":77}},{"start":{"line":104,"column":12},"end":{"line":104,"column":63}},{"start":{"line":105,"column":12},"end":{"line":105,"column":65}},{"start":{"line":106,"column":12},"end":{"line":106,"column":73}}]},"9":{"line":133,"type":"cond-expr","locations":[{"start":{"line":133,"column":38},"end":{"line":133,"column":53}},{"start":{"line":133,"column":56},"end":{"line":133,"column":60}}]}}},"C:\\Users\\Xitaris27\\Documents\\GitHub\\GraphWalker\\lib\\GraphWalkerConvertedToJS\\classes version\\RuntimeBase.js":{"path":"C:\\Users\\Xitaris27\\Documents\\GitHub\\GraphWalker\\lib\\GraphWalkerConvertedToJS\\classes version\\RuntimeBase.js","s":{"1":1,"2":1,"3":1,"4":1,"5":1,"6":10,"7":10,"8":10,"9":10,"10":10,"11":10,"12":10,"13":0,"14":0,"15":18,"16":6,"17":0,"18":0,"19":0,"20":0,"21":0,"22":0,"23":0,"24":0,"25":0,"26":0,"27":0,"28":0,"29":0,"30":0,"31":0,"32":0,"33":0,"34":0,"35":0,"36":0,"37":1,"38":10,"39":10,"40":1,"41":4,"42":1},"b":{"1":[4,6],"2":[10,0],"3":[10,0],"4":[0,0],"5":[0,0],"6":[0,0],"7":[0,0],"8":[0,0],"9":[0,0],"10":[0,0,0,0,0],"11":[6,4]},"f":{"1":10,"2":0,"3":0,"4":18,"5":6,"6":0,"7":0,"8":0,"9":0,"10":0,"11":0,"12":0,"13":0,"14":0,"15":0,"16":10,"17":4},"fnMap":{"1":{"name":"(anonymous_1)","line":44,"loc":{"start":{"line":44,"column":13},"end":{"line":44,"column":59}}},"2":{"name":"(anonymous_2)","line":59,"loc":{"start":{"line":59,"column":7},"end":{"line":59,"column":10}}},"3":{"name":"(anonymous_3)","line":64,"loc":{"start":{"line":64,"column":7},"end":{"line":64,"column":10}}},"4":{"name":"(anonymous_4)","line":69,"loc":{"start":{"line":69,"column":9},"end":{"line":69,"column":12}}},"5":{"name":"(anonymous_5)","line":74,"loc":{"start":{"line":74,"column":9},"end":{"line":74,"column":12}}},"6":{"name":"(anonymous_6)","line":79,"loc":{"start":{"line":79,"column":13},"end":{"line":79,"column":19}}},"7":{"name":"(anonymous_7)","line":84,"loc":{"start":{"line":84,"column":13},"end":{"line":84,"column":19}}},"8":{"name":"(anonymous_8)","line":88,"loc":{"start":{"line":88,"column":12},"end":{"line":88,"column":15}}},"9":{"name":"(anonymous_9)","line":92,"loc":{"start":{"line":92,"column":12},"end":{"line":92,"column":15}}},"10":{"name":"(anonymous_10)","line":96,"loc":{"start":{"line":96,"column":17},"end":{"line":96,"column":20}}},"11":{"name":"(anonymous_11)","line":100,"loc":{"start":{"line":100,"column":17},"end":{"line":100,"column":20}}},"12":{"name":"(anonymous_12)","line":104,"loc":{"start":{"line":104,"column":15},"end":{"line":104,"column":18}}},"13":{"name":"(anonymous_13)","line":108,"loc":{"start":{"line":108,"column":15},"end":{"line":108,"column":18}}},"14":{"name":"(anonymous_14)","line":113,"loc":{"start":{"line":113,"column":10},"end":{"line":113,"column":13}}},"15":{"name":"(anonymous_15)","line":127,"loc":{"start":{"line":127,"column":8},"end":{"line":127,"column":17}}},"16":{"name":"getIdOrDefault","line":146,"loc":{"start":{"line":146,"column":0},"end":{"line":146,"column":28}}},"17":{"name":"createDefault","line":151,"loc":{"start":{"line":151,"column":0},"end":{"line":151,"column":25}}}},"statementMap":{"1":{"start":{"line":33,"column":0},"end":{"line":33,"column":55}},"2":{"start":{"line":34,"column":0},"end":{"line":34,"column":55}},"3":{"start":{"line":35,"column":0},"end":{"line":35,"column":52}},"4":{"start":{"line":37,"column":0},"end":{"line":37,"column":38}},"5":{"start":{"line":38,"column":0},"end":{"line":38,"column":38}},"6":{"start":{"line":45,"column":4},"end":{"line":45,"column":12}},"7":{"start":{"line":46,"column":4},"end":{"line":46,"column":33}},"8":{"start":{"line":47,"column":4},"end":{"line":47,"column":33}},"9":{"start":{"line":48,"column":4},"end":{"line":48,"column":21}},"10":{"start":{"line":49,"column":4},"end":{"line":49,"column":73}},"11":{"start":{"line":50,"column":4},"end":{"line":50,"column":99}},"12":{"start":{"line":51,"column":4},"end":{"line":51,"column":93}},"13":{"start":{"line":60,"column":4},"end":{"line":60,"column":19}},"14":{"start":{"line":65,"column":4},"end":{"line":65,"column":50}},"15":{"start":{"line":70,"column":4},"end":{"line":70,"column":21}},"16":{"start":{"line":75,"column":4},"end":{"line":75,"column":52}},"17":{"start":{"line":80,"column":4},"end":{"line":80,"column":36}},"18":{"start":{"line":85,"column":4},"end":{"line":85,"column":36}},"19":{"start":{"line":89,"column":4},"end":{"line":89,"column":24}},"20":{"start":{"line":93,"column":4},"end":{"line":93,"column":55}},"21":{"start":{"line":97,"column":4},"end":{"line":97,"column":29}},"22":{"start":{"line":101,"column":4},"end":{"line":101,"column":60}},"23":{"start":{"line":105,"column":4},"end":{"line":105,"column":27}},"24":{"start":{"line":109,"column":4},"end":{"line":109,"column":58}},"25":{"start":{"line":114,"column":4},"end":{"line":114,"column":19}},"26":{"start":{"line":115,"column":4},"end":{"line":115,"column":19}},"27":{"start":{"line":116,"column":4},"end":{"line":116,"column":75}},"28":{"start":{"line":117,"column":4},"end":{"line":117,"column":65}},"29":{"start":{"line":118,"column":4},"end":{"line":118,"column":69}},"30":{"start":{"line":119,"column":4},"end":{"line":120,"column":66}},"31":{"start":{"line":121,"column":4},"end":{"line":122,"column":70}},"32":{"start":{"line":123,"column":4},"end":{"line":123,"column":18}},"33":{"start":{"line":128,"column":4},"end":{"line":130,"column":5}},"34":{"start":{"line":129,"column":6},"end":{"line":129,"column":18}},"35":{"start":{"line":134,"column":4},"end":{"line":134,"column":69}},"36":{"start":{"line":136,"column":4},"end":{"line":140,"column":78}},"37":{"start":{"line":146,"column":0},"end":{"line":149,"column":1}},"38":{"start":{"line":147,"column":2},"end":{"line":147,"column":30}},"39":{"start":{"line":148,"column":4},"end":{"line":148,"column":63}},"40":{"start":{"line":151,"column":0},"end":{"line":153,"column":1}},"41":{"start":{"line":152,"column":2},"end":{"line":152,"column":16}},"42":{"start":{"line":155,"column":0},"end":{"line":155,"column":29}}},"branchMap":{"1":{"line":49,"type":"cond-expr","locations":[{"start":{"line":49,"column":60},"end":{"line":49,"column":67}},{"start":{"line":49,"column":70},"end":{"line":49,"column":72}}]},"2":{"line":50,"type":"cond-expr","locations":[{"start":{"line":50,"column":70},"end":{"line":50,"column":82}},{"start":{"line":50,"column":85},"end":{"line":50,"column":98}}]},"3":{"line":51,"type":"cond-expr","locations":[{"start":{"line":51,"column":66},"end":{"line":51,"column":76}},{"start":{"line":51,"column":79},"end":{"line":51,"column":92}}]},"4":{"line":116,"type":"cond-expr","locations":[{"start":{"line":116,"column":51},"end":{"line":116,"column":52}},{"start":{"line":116,"column":55},"end":{"line":116,"column":73}}]},"5":{"line":117,"type":"cond-expr","locations":[{"start":{"line":117,"column":46},"end":{"line":117,"column":47}},{"start":{"line":117,"column":50},"end":{"line":117,"column":63}}]},"6":{"line":118,"type":"cond-expr","locations":[{"start":{"line":118,"column":48},"end":{"line":118,"column":49}},{"start":{"line":118,"column":52},"end":{"line":118,"column":67}}]},"7":{"line":120,"type":"cond-expr","locations":[{"start":{"line":120,"column":39},"end":{"line":120,"column":40}},{"start":{"line":120,"column":43},"end":{"line":120,"column":64}}]},"8":{"line":122,"type":"cond-expr","locations":[{"start":{"line":122,"column":41},"end":{"line":122,"column":42}},{"start":{"line":122,"column":45},"end":{"line":122,"column":68}}]},"9":{"line":128,"type":"if","locations":[{"start":{"line":128,"column":4},"end":{"line":128,"column":4}},{"start":{"line":128,"column":4},"end":{"line":128,"column":4}}]},"10":{"line":136,"type":"binary-expr","locations":[{"start":{"line":136,"column":11},"end":{"line":136,"column":61}},{"start":{"line":137,"column":11},"end":{"line":137,"column":65}},{"start":{"line":138,"column":11},"end":{"line":138,"column":71}},{"start":{"line":139,"column":11},"end":{"line":139,"column":81}},{"start":{"line":140,"column":11},"end":{"line":140,"column":77}}]},"11":{"line":148,"type":"cond-expr","locations":[{"start":{"line":148,"column":42},"end":{"line":148,"column":44}},{"start":{"line":148,"column":47},"end":{"line":148,"column":62}}]}}},"C:\\Users\\Xitaris27\\Documents\\GitHub\\GraphWalker\\lib\\GraphWalkerConvertedToJS\\classes version\\Element.js":{"path":"C:\\Users\\Xitaris27\\Documents\\GitHub\\GraphWalker\\lib\\GraphWalkerConvertedToJS\\classes version\\Element.js","s":{"1":1},"b":{},"f":{"1":0,"2":0,"3":0,"4":0,"5":0,"6":0,"7":0,"8":0,"9":0,"10":0,"11":0},"fnMap":{"1":{"name":"(anonymous_1)","line":37,"loc":{"start":{"line":37,"column":9},"end":{"line":37,"column":12}}},"2":{"name":"(anonymous_2)","line":39,"loc":{"start":{"line":39,"column":9},"end":{"line":39,"column":12}}},"3":{"name":"(anonymous_3)","line":48,"loc":{"start":{"line":48,"column":11},"end":{"line":48,"column":14}}},"4":{"name":"(anonymous_4)","line":57,"loc":{"start":{"line":57,"column":11},"end":{"line":57,"column":14}}},"5":{"name":"(anonymous_5)","line":59,"loc":{"start":{"line":59,"column":19},"end":{"line":59,"column":22}}},"6":{"name":"(anonymous_6)","line":61,"loc":{"start":{"line":61,"column":19},"end":{"line":61,"column":22}}},"7":{"name":"(anonymous_7)","line":63,"loc":{"start":{"line":63,"column":14},"end":{"line":63,"column":17}}},"8":{"name":"(anonymous_8)","line":65,"loc":{"start":{"line":65,"column":14},"end":{"line":65,"column":17}}},"9":{"name":"(anonymous_9)","line":67,"loc":{"start":{"line":67,"column":10},"end":{"line":67,"column":20}}},"10":{"name":"(anonymous_10)","line":69,"loc":{"start":{"line":69,"column":15},"end":{"line":69,"column":21}}},"11":{"name":"(anonymous_11)","line":71,"loc":{"start":{"line":71,"column":15},"end":{"line":71,"column":21}}}},"statementMap":{"1":{"start":{"line":75,"column":0},"end":{"line":75,"column":25}}},"branchMap":{}},"C:\\Users\\Xitaris27\\Documents\\GitHub\\GraphWalker\\lib\\GraphWalkerConvertedToJS\\classes version\\Vertex.js":{"path":"C:\\Users\\Xitaris27\\Documents\\GitHub\\GraphWalker\\lib\\GraphWalkerConvertedToJS\\classes version\\Vertex.js","s":{"1":1,"2":1,"3":10,"4":10,"5":10,"6":10,"7":10,"8":10,"9":6,"10":1},"b":{},"f":{"1":10,"2":10,"3":10,"4":6},"fnMap":{"1":{"name":"(anonymous_1)","line":48,"loc":{"start":{"line":48,"column":13},"end":{"line":48,"column":16}}},"2":{"name":"(anonymous_2)","line":58,"loc":{"start":{"line":58,"column":16},"end":{"line":58,"column":19}}},"3":{"name":"(anonymous_3)","line":78,"loc":{"start":{"line":78,"column":16},"end":{"line":78,"column":30}}},"4":{"name":"(anonymous_4)","line":90,"loc":{"start":{"line":90,"column":13},"end":{"line":90,"column":16}}}},"statementMap":{"1":{"start":{"line":42,"column":0},"end":{"line":42,"column":50}},"2":{"start":{"line":43,"column":0},"end":{"line":43,"column":50}},"3":{"start":{"line":49,"column":4},"end":{"line":49,"column":12}},"4":{"start":{"line":50,"column":4},"end":{"line":50,"column":21}},"5":{"start":{"line":59,"column":4},"end":{"line":59,"column":28}},"6":{"start":{"line":79,"column":4},"end":{"line":79,"column":35}},"7":{"start":{"line":80,"column":4},"end":{"line":80,"column":27}},"8":{"start":{"line":81,"column":4},"end":{"line":81,"column":16}},"9":{"start":{"line":91,"column":4},"end":{"line":91,"column":35}},"10":{"start":{"line":96,"column":0},"end":{"line":96,"column":24}}},"branchMap":{}},"C:\\Users\\Xitaris27\\Documents\\GitHub\\GraphWalker\\lib\\GraphWalkerConvertedToJS\\classes version\\RuntimeVertex.js":{"path":"C:\\Users\\Xitaris27\\Documents\\GitHub\\GraphWalker\\lib\\GraphWalkerConvertedToJS\\classes version\\RuntimeVertex.js","s":{"1":1,"2":1,"3":6,"4":6,"5":6,"6":0,"7":0,"8":0,"9":0,"10":0,"11":0,"12":0,"13":0,"14":0,"15":0,"16":0,"17":1},"b":{"1":[0,0],"2":[0,0]},"f":{"1":6,"2":0,"3":0,"4":0,"5":0,"6":0},"fnMap":{"1":{"name":"(anonymous_1)","line":15,"loc":{"start":{"line":15,"column":13},"end":{"line":15,"column":22}}},"2":{"name":"(anonymous_2)","line":28,"loc":{"start":{"line":28,"column":16},"end":{"line":28,"column":19}}},"3":{"name":"(anonymous_3)","line":37,"loc":{"start":{"line":37,"column":16},"end":{"line":37,"column":19}}},"4":{"name":"(anonymous_4)","line":45,"loc":{"start":{"line":45,"column":8},"end":{"line":45,"column":18}}},"5":{"name":"(anonymous_5)","line":50,"loc":{"start":{"line":50,"column":10},"end":{"line":50,"column":13}}},"6":{"name":"(anonymous_6)","line":59,"loc":{"start":{"line":59,"column":8},"end":{"line":59,"column":17}}}},"statementMap":{"1":{"start":{"line":9,"column":0},"end":{"line":9,"column":38}},"2":{"start":{"line":10,"column":0},"end":{"line":10,"column":46}},"3":{"start":{"line":16,"column":6},"end":{"line":16,"column":102}},"4":{"start":{"line":17,"column":6},"end":{"line":17,"column":49}},"5":{"start":{"line":18,"column":6},"end":{"line":18,"column":35}},"6":{"start":{"line":29,"column":4},"end":{"line":29,"column":28}},"7":{"start":{"line":38,"column":4},"end":{"line":38,"column":59}},"8":{"start":{"line":46,"column":4},"end":{"line":46,"column":24}},"9":{"start":{"line":51,"column":4},"end":{"line":51,"column":21}},"10":{"start":{"line":52,"column":4},"end":{"line":52,"column":34}},"11":{"start":{"line":53,"column":4},"end":{"line":54,"column":78}},"12":{"start":{"line":55,"column":4},"end":{"line":55,"column":18}},"13":{"start":{"line":60,"column":4},"end":{"line":62,"column":5}},"14":{"start":{"line":61,"column":6},"end":{"line":61,"column":19}},"15":{"start":{"line":64,"column":4},"end":{"line":64,"column":73}},"16":{"start":{"line":65,"column":4},"end":{"line":65,"column":77}},"17":{"start":{"line":69,"column":0},"end":{"line":69,"column":31}}},"branchMap":{"1":{"line":54,"type":"cond-expr","locations":[{"start":{"line":54,"column":45},"end":{"line":54,"column":46}},{"start":{"line":54,"column":49},"end":{"line":54,"column":76}}]},"2":{"line":60,"type":"if","locations":[{"start":{"line":60,"column":4},"end":{"line":60,"column":4}},{"start":{"line":60,"column":4},"end":{"line":60,"column":4}}]}}},"C:\\Users\\Xitaris27\\Documents\\GitHub\\GraphWalker\\lib\\GraphWalkerConvertedToJS\\classes version\\Model.js":{"path":"C:\\Users\\Xitaris27\\Documents\\GitHub\\GraphWalker\\lib\\GraphWalkerConvertedToJS\\classes version\\Model.js","s":{"1":1,"2":1,"3":1,"4":1,"5":1,"6":1,"7":1,"8":3,"9":3,"10":3,"11":3,"12":3,"13":3,"14":1,"15":1,"16":1,"17":1,"18":1,"19":1,"20":1,"21":4,"22":4,"23":4,"24":4,"25":4,"26":4,"27":4,"28":4,"29":1,"30":2,"31":2,"32":2,"33":2,"34":2,"35":2,"36":2,"37":2,"38":2,"39":2,"40":2,"41":0,"42":0,"43":2,"44":2,"45":2,"46":2,"47":2,"48":2,"49":0,"50":0,"51":0,"52":0,"53":0,"54":0,"55":0,"56":0,"57":0,"58":0,"59":0,"60":0,"61":0,"62":0,"63":2,"64":2,"65":2,"66":1,"67":0,"68":1,"69":1,"70":1,"71":1},"b":{"1":[1,2],"2":[2,0],"3":[2,2],"4":[2,0],"5":[2,2],"6":[0,0],"7":[0,0],"8":[0,0]},"f":{"1":3,"2":0,"3":2,"4":0,"5":0,"6":0,"7":0,"8":0,"9":2,"10":2,"11":2,"12":1,"13":0,"14":1},"fnMap":{"1":{"name":"(anonymous_1)","line":64,"loc":{"start":{"line":64,"column":13},"end":{"line":64,"column":21}}},"2":{"name":"(anonymous_2)","line":123,"loc":{"start":{"line":123,"column":11},"end":{"line":123,"column":20}}},"3":{"name":"(anonymous_3)","line":138,"loc":{"start":{"line":138,"column":9},"end":{"line":138,"column":16}}},"4":{"name":"(anonymous_4)","line":160,"loc":{"start":{"line":160,"column":12},"end":{"line":160,"column":19}}},"5":{"name":"(anonymous_5)","line":175,"loc":{"start":{"line":175,"column":14},"end":{"line":175,"column":23}}},"6":{"name":"(anonymous_6)","line":192,"loc":{"start":{"line":192,"column":11},"end":{"line":192,"column":20}}},"7":{"name":"(anonymous_7)","line":197,"loc":{"start":{"line":197,"column":12},"end":{"line":197,"column":22}}},"8":{"name":"(anonymous_8)","line":219,"loc":{"start":{"line":219,"column":12},"end":{"line":219,"column":22}}},"9":{"name":"(anonymous_9)","line":229,"loc":{"start":{"line":229,"column":12},"end":{"line":229,"column":15}}},"10":{"name":"(anonymous_10)","line":238,"loc":{"start":{"line":238,"column":13},"end":{"line":238,"column":16}}},"11":{"name":"(anonymous_11)","line":247,"loc":{"start":{"line":247,"column":10},"end":{"line":247,"column":13}}},"12":{"name":"(anonymous_12)","line":257,"loc":{"start":{"line":257,"column":7},"end":{"line":257,"column":10}}},"13":{"name":"(anonymous_13)","line":264,"loc":{"start":{"line":264,"column":8},"end":{"line":264,"column":27}}},"14":{"name":"setActions","line":270,"loc":{"start":{"line":270,"column":0},"end":{"line":270,"column":36}}}},"statementMap":{"1":{"start":{"line":46,"column":0},"end":{"line":46,"column":46}},"2":{"start":{"line":47,"column":0},"end":{"line":47,"column":32}},"3":{"start":{"line":48,"column":0},"end":{"line":48,"column":38}},"4":{"start":{"line":49,"column":0},"end":{"line":49,"column":48}},"5":{"start":{"line":50,"column":0},"end":{"line":50,"column":36}},"6":{"start":{"line":52,"column":0},"end":{"line":52,"column":55}},"7":{"start":{"line":53,"column":0},"end":{"line":53,"column":55}},"8":{"start":{"line":65,"column":4},"end":{"line":65,"column":12}},"9":{"start":{"line":66,"column":4},"end":{"line":66,"column":33}},"10":{"start":{"line":67,"column":4},"end":{"line":67,"column":23}},"11":{"start":{"line":68,"column":4},"end":{"line":68,"column":20}},"12":{"start":{"line":69,"column":4},"end":{"line":69,"column":22}},"13":{"start":{"line":77,"column":4},"end":{"line":111,"column":5}},"14":{"start":{"line":79,"column":6},"end":{"line":79,"column":33}},"15":{"start":{"line":80,"column":6},"end":{"line":80,"column":37}},"16":{"start":{"line":81,"column":6},"end":{"line":81,"column":49}},"17":{"start":{"line":82,"column":6},"end":{"line":82,"column":53}},"18":{"start":{"line":83,"column":6},"end":{"line":83,"column":43}},"19":{"start":{"line":85,"column":6},"end":{"line":85,"column":32}},"20":{"start":{"line":87,"column":6},"end":{"line":96,"column":7}},"21":{"start":{"line":88,"column":8},"end":{"line":88,"column":34}},"22":{"start":{"line":89,"column":8},"end":{"line":89,"column":44}},"23":{"start":{"line":90,"column":8},"end":{"line":90,"column":48}},"24":{"start":{"line":91,"column":8},"end":{"line":91,"column":62}},"25":{"start":{"line":92,"column":8},"end":{"line":92,"column":64}},"26":{"start":{"line":93,"column":8},"end":{"line":93,"column":60}},"27":{"start":{"line":94,"column":8},"end":{"line":94,"column":35}},"28":{"start":{"line":95,"column":8},"end":{"line":95,"column":41}},"29":{"start":{"line":98,"column":6},"end":{"line":110,"column":7}},"30":{"start":{"line":99,"column":8},"end":{"line":99,"column":30}},"31":{"start":{"line":100,"column":8},"end":{"line":100,"column":40}},"32":{"start":{"line":101,"column":8},"end":{"line":101,"column":44}},"33":{"start":{"line":102,"column":8},"end":{"line":102,"column":71}},"34":{"start":{"line":103,"column":8},"end":{"line":103,"column":71}},"35":{"start":{"line":104,"column":8},"end":{"line":104,"column":46}},"36":{"start":{"line":105,"column":8},"end":{"line":105,"column":50}},"37":{"start":{"line":106,"column":8},"end":{"line":106,"column":60}},"38":{"start":{"line":107,"column":8},"end":{"line":107,"column":48}},"39":{"start":{"line":108,"column":8},"end":{"line":108,"column":56}},"40":{"start":{"line":109,"column":8},"end":{"line":109,"column":30}},"41":{"start":{"line":124,"column":4},"end":{"line":124,"column":31}},"42":{"start":{"line":125,"column":4},"end":{"line":125,"column":16}},"43":{"start":{"line":139,"column":4},"end":{"line":139,"column":26}},"44":{"start":{"line":141,"column":4},"end":{"line":143,"column":5}},"45":{"start":{"line":142,"column":6},"end":{"line":142,"column":49}},"46":{"start":{"line":144,"column":4},"end":{"line":146,"column":5}},"47":{"start":{"line":145,"column":6},"end":{"line":145,"column":49}},"48":{"start":{"line":148,"column":4},"end":{"line":148,"column":16}},"49":{"start":{"line":161,"column":4},"end":{"line":161,"column":34}},"50":{"start":{"line":162,"column":4},"end":{"line":162,"column":16}},"51":{"start":{"line":177,"column":4},"end":{"line":177,"column":104}},"52":{"start":{"line":179,"column":4},"end":{"line":179,"column":55}},"53":{"start":{"line":180,"column":4},"end":{"line":180,"column":16}},"54":{"start":{"line":193,"column":4},"end":{"line":193,"column":30}},"55":{"start":{"line":194,"column":4},"end":{"line":194,"column":16}},"56":{"start":{"line":200,"column":4},"end":{"line":207,"column":5}},"57":{"start":{"line":201,"column":6},"end":{"line":201,"column":50}},"58":{"start":{"line":203,"column":9},"end":{"line":207,"column":5}},"59":{"start":{"line":204,"column":6},"end":{"line":206,"column":7}},"60":{"start":{"line":205,"column":8},"end":{"line":205,"column":40}},"61":{"start":{"line":209,"column":4},"end":{"line":209,"column":16}},"62":{"start":{"line":220,"column":4},"end":{"line":220,"column":30}},"63":{"start":{"line":230,"column":4},"end":{"line":230,"column":24}},"64":{"start":{"line":239,"column":4},"end":{"line":239,"column":25}},"65":{"start":{"line":248,"column":4},"end":{"line":248,"column":22}},"66":{"start":{"line":258,"column":4},"end":{"line":258,"column":34}},"67":{"start":{"line":265,"column":4},"end":{"line":265,"column":58}},"68":{"start":{"line":270,"column":0},"end":{"line":273,"column":1}},"69":{"start":{"line":271,"column":2},"end":{"line":271,"column":26}},"70":{"start":{"line":272,"column":2},"end":{"line":272,"column":14}},"71":{"start":{"line":275,"column":0},"end":{"line":275,"column":23}}},"branchMap":{"1":{"line":77,"type":"if","locations":[{"start":{"line":77,"column":4},"end":{"line":77,"column":4}},{"start":{"line":77,"column":4},"end":{"line":77,"column":4}}]},"2":{"line":141,"type":"if","locations":[{"start":{"line":141,"column":4},"end":{"line":141,"column":4}},{"start":{"line":141,"column":4},"end":{"line":141,"column":4}}]},"3":{"line":141,"type":"binary-expr","locations":[{"start":{"line":141,"column":8},"end":{"line":141,"column":54}},{"start":{"line":141,"column":58},"end":{"line":141,"column":105}}]},"4":{"line":144,"type":"if","locations":[{"start":{"line":144,"column":4},"end":{"line":144,"column":4}},{"start":{"line":144,"column":4},"end":{"line":144,"column":4}}]},"5":{"line":144,"type":"binary-expr","locations":[{"start":{"line":144,"column":8},"end":{"line":144,"column":54}},{"start":{"line":144,"column":58},"end":{"line":144,"column":105}}]},"6":{"line":177,"type":"binary-expr","locations":[{"start":{"line":177,"column":22},"end":{"line":177,"column":60}},{"start":{"line":177,"column":64},"end":{"line":177,"column":102}}]},"7":{"line":200,"type":"if","locations":[{"start":{"line":200,"column":4},"end":{"line":200,"column":4}},{"start":{"line":200,"column":4},"end":{"line":200,"column":4}}]},"8":{"line":203,"type":"if","locations":[{"start":{"line":203,"column":9},"end":{"line":203,"column":9}},{"start":{"line":203,"column":9},"end":{"line":203,"column":9}}]}}},"C:\\Users\\Xitaris27\\Documents\\GitHub\\GraphWalker\\lib\\GraphWalkerConvertedToJS\\classes version\\RuntimeModel.js":{"path":"C:\\Users\\Xitaris27\\Documents\\GitHub\\GraphWalker\\lib\\GraphWalkerConvertedToJS\\classes version\\RuntimeModel.js","s":{"1":1,"2":1,"3":1,"4":1,"5":1,"6":1,"7":1,"8":1,"9":1,"10":1,"11":1,"12":1,"13":1,"14":1,"15":1,"16":1,"17":1,"18":0,"19":0,"20":0,"21":0,"22":0,"23":0,"24":0,"25":0,"26":0,"27":0,"28":0,"29":0,"30":0,"31":0,"32":0,"33":0,"34":0,"35":0,"36":1,"37":0,"38":1,"39":1,"40":1,"41":1,"42":1,"43":0,"44":0,"45":0,"46":0,"47":0,"48":0,"49":0,"50":0,"51":0,"52":0,"53":0,"54":0,"55":0,"56":0,"57":0,"58":0,"59":0,"60":0,"61":0,"62":0,"63":0,"64":0,"65":0,"66":0,"67":1,"68":1,"69":1,"70":1,"71":1,"72":1,"73":0,"74":0,"75":0,"76":0,"77":0,"78":0,"79":0,"80":0,"81":0,"82":1,"83":1,"84":1,"85":0,"86":0,"87":0,"88":0,"89":0,"90":1,"91":1,"92":1,"93":2,"94":2,"95":2,"96":2,"97":1,"98":1,"99":1,"100":1,"101":4,"102":4,"103":4,"104":4,"105":1,"106":1,"107":1,"108":1,"109":4,"110":1,"111":2,"112":2,"113":2,"114":1,"115":1,"116":1,"117":1,"118":4,"119":1,"120":2,"121":2,"122":2,"123":1,"124":1,"125":0,"126":0,"127":0,"128":0,"129":0,"130":0,"131":0,"132":1},"b":{"1":[0,0],"2":[0,0],"3":[0,0],"4":[0,0],"5":[0,0],"6":[0,0],"7":[0,0],"8":[0,0],"9":[0,0],"10":[0,0],"11":[0,0],"12":[0,0],"13":[0,0,0,0,0,0,0,0,0,0],"14":[0,0],"15":[0,0],"16":[0,0],"17":[0,0],"18":[2,0],"19":[2,0],"20":[4,0],"21":[4,0],"22":[2,0],"23":[2,0],"24":[0,0],"25":[0,0]},"f":{"1":1,"2":0,"3":0,"4":0,"5":0,"6":0,"7":0,"8":0,"9":0,"10":0,"11":0,"12":0,"13":0,"14":0,"15":1,"16":0,"17":1,"18":1,"19":1,"20":1,"21":1,"22":0,"23":0,"24":0,"25":0,"26":0,"27":0,"28":1,"29":0,"30":1,"31":1,"32":1,"33":1,"34":1,"35":0},"fnMap":{"1":{"name":"(anonymous_1)","line":22,"loc":{"start":{"line":22,"column":13},"end":{"line":22,"column":21}}},"2":{"name":"(anonymous_2)","line":42,"loc":{"start":{"line":42,"column":13},"end":{"line":42,"column":16}}},"3":{"name":"(anonymous_3)","line":52,"loc":{"start":{"line":52,"column":17},"end":{"line":52,"column":20}}},"4":{"name":"(anonymous_4)","line":78,"loc":{"start":{"line":78,"column":16},"end":{"line":78,"column":30}}},"5":{"name":"(anonymous_5)","line":89,"loc":{"start":{"line":89,"column":17},"end":{"line":89,"column":20}}},"6":{"name":"(anonymous_6)","line":100,"loc":{"start":{"line":100,"column":14},"end":{"line":100,"column":21}}},"7":{"name":"(anonymous_7)","line":112,"loc":{"start":{"line":112,"column":12},"end":{"line":112,"column":21}}},"8":{"name":"(anonymous_8)","line":121,"loc":{"start":{"line":121,"column":10},"end":{"line":121,"column":13}}},"9":{"name":"(anonymous_9)","line":133,"loc":{"start":{"line":133,"column":13},"end":{"line":133,"column":22}}},"10":{"name":"(anonymous_10)","line":146,"loc":{"start":{"line":146,"column":11},"end":{"line":146,"column":18}}},"11":{"name":"(anonymous_11)","line":160,"loc":{"start":{"line":160,"column":14},"end":{"line":160,"column":21}}},"12":{"name":"(anonymous_12)","line":171,"loc":{"start":{"line":171,"column":13},"end":{"line":171,"column":16}}},"13":{"name":"(anonymous_13)","line":182,"loc":{"start":{"line":182,"column":16},"end":{"line":182,"column":21}}},"14":{"name":"(anonymous_14)","line":194,"loc":{"start":{"line":194,"column":22},"end":{"line":194,"column":32}}},"15":{"name":"(anonymous_15)","line":198,"loc":{"start":{"line":198,"column":20},"end":{"line":198,"column":23}}},"16":{"name":"(anonymous_16)","line":202,"loc":{"start":{"line":202,"column":30},"end":{"line":202,"column":51}}},"17":{"name":"(anonymous_17)","line":206,"loc":{"start":{"line":206,"column":27},"end":{"line":206,"column":30}}},"18":{"name":"(anonymous_18)","line":210,"loc":{"start":{"line":210,"column":24},"end":{"line":210,"column":27}}},"19":{"name":"(anonymous_19)","line":214,"loc":{"start":{"line":214,"column":27},"end":{"line":214,"column":30}}},"20":{"name":"(anonymous_20)","line":218,"loc":{"start":{"line":218,"column":28},"end":{"line":218,"column":31}}},"21":{"name":"(anonymous_21)","line":222,"loc":{"start":{"line":222,"column":29},"end":{"line":222,"column":32}}},"22":{"name":"(anonymous_22)","line":226,"loc":{"start":{"line":226,"column":24},"end":{"line":226,"column":27}}},"23":{"name":"(anonymous_23)","line":231,"loc":{"start":{"line":231,"column":6},"end":{"line":231,"column":13}}},"24":{"name":"(anonymous_24)","line":237,"loc":{"start":{"line":237,"column":15},"end":{"line":237,"column":24}}},"25":{"name":"(anonymous_25)","line":249,"loc":{"start":{"line":249,"column":8},"end":{"line":249,"column":18}}},"26":{"name":"(anonymous_26)","line":254,"loc":{"start":{"line":254,"column":10},"end":{"line":254,"column":13}}},"27":{"name":"(anonymous_27)","line":294,"loc":{"start":{"line":294,"column":8},"end":{"line":294,"column":17}}},"28":{"name":"createElementCache","line":316,"loc":{"start":{"line":316,"column":0},"end":{"line":316,"column":45}}},"29":{"name":"createElementsByElementCache","line":325,"loc":{"start":{"line":325,"column":0},"end":{"line":325,"column":58}}},"30":{"name":"createElementsByNameCache","line":340,"loc":{"start":{"line":340,"column":0},"end":{"line":340,"column":50}}},"31":{"name":"createEdgesByNameCache","line":354,"loc":{"start":{"line":354,"column":0},"end":{"line":354,"column":39}}},"32":{"name":"createVerticesByNameCache","line":368,"loc":{"start":{"line":368,"column":0},"end":{"line":368,"column":45}}},"33":{"name":"createInEdgesByVertexCache","line":382,"loc":{"start":{"line":382,"column":0},"end":{"line":382,"column":53}}},"34":{"name":"createOutEdgesByVertexCache","line":398,"loc":{"start":{"line":398,"column":0},"end":{"line":398,"column":54}}},"35":{"name":"createSharedStateCache","line":414,"loc":{"start":{"line":414,"column":0},"end":{"line":414,"column":42}}}},"statementMap":{"1":{"start":{"line":9,"column":0},"end":{"line":9,"column":52}},"2":{"start":{"line":10,"column":0},"end":{"line":10,"column":38}},"3":{"start":{"line":11,"column":0},"end":{"line":11,"column":46}},"4":{"start":{"line":12,"column":0},"end":{"line":12,"column":46}},"5":{"start":{"line":13,"column":0},"end":{"line":13,"column":50}},"6":{"start":{"line":15,"column":0},"end":{"line":15,"column":55}},"7":{"start":{"line":17,"column":0},"end":{"line":17,"column":42}},"8":{"start":{"line":18,"column":0},"end":{"line":18,"column":28}},"9":{"start":{"line":23,"column":4},"end":{"line":23,"column":110}},"10":{"start":{"line":24,"column":4},"end":{"line":24,"column":62}},"11":{"start":{"line":25,"column":4},"end":{"line":25,"column":56}},"12":{"start":{"line":26,"column":4},"end":{"line":26,"column":58}},"13":{"start":{"line":27,"column":4},"end":{"line":27,"column":64}},"14":{"start":{"line":28,"column":4},"end":{"line":28,"column":66}},"15":{"start":{"line":29,"column":4},"end":{"line":29,"column":68}},"16":{"start":{"line":30,"column":4},"end":{"line":30,"column":51}},"17":{"start":{"line":31,"column":4},"end":{"line":31,"column":64}},"18":{"start":{"line":32,"column":4},"end":{"line":32,"column":116}},"19":{"start":{"line":33,"column":4},"end":{"line":33,"column":58}},"20":{"start":{"line":43,"column":4},"end":{"line":43,"column":25}},"21":{"start":{"line":53,"column":4},"end":{"line":53,"column":40}},"22":{"start":{"line":79,"column":4},"end":{"line":79,"column":50}},"23":{"start":{"line":90,"column":4},"end":{"line":90,"column":47}},"24":{"start":{"line":101,"column":4},"end":{"line":101,"column":46}},"25":{"start":{"line":113,"column":4},"end":{"line":113,"column":49}},"26":{"start":{"line":122,"column":4},"end":{"line":122,"column":22}},"27":{"start":{"line":134,"column":4},"end":{"line":134,"column":50}},"28":{"start":{"line":147,"column":4},"end":{"line":147,"column":43}},"29":{"start":{"line":161,"column":4},"end":{"line":161,"column":46}},"30":{"start":{"line":172,"column":4},"end":{"line":172,"column":30}},"31":{"start":{"line":183,"column":4},"end":{"line":187,"column":5}},"32":{"start":{"line":184,"column":6},"end":{"line":186,"column":7}},"33":{"start":{"line":185,"column":8},"end":{"line":185,"column":23}},"34":{"start":{"line":188,"column":4},"end":{"line":188,"column":16}},"35":{"start":{"line":195,"column":4},"end":{"line":195,"column":52}},"36":{"start":{"line":199,"column":4},"end":{"line":199,"column":50}},"37":{"start":{"line":203,"column":4},"end":{"line":203,"column":53}},"38":{"start":{"line":207,"column":4},"end":{"line":207,"column":50}},"39":{"start":{"line":211,"column":4},"end":{"line":211,"column":39}},"40":{"start":{"line":215,"column":4},"end":{"line":215,"column":45}},"41":{"start":{"line":219,"column":4},"end":{"line":219,"column":58}},"42":{"start":{"line":223,"column":4},"end":{"line":223,"column":59}},"43":{"start":{"line":227,"column":4},"end":{"line":227,"column":42}},"44":{"start":{"line":232,"column":4},"end":{"line":232,"column":16}},"45":{"start":{"line":238,"column":4},"end":{"line":238,"column":28}},"46":{"start":{"line":239,"column":4},"end":{"line":241,"column":5}},"47":{"start":{"line":240,"column":6},"end":{"line":240,"column":54}},"48":{"start":{"line":242,"column":4},"end":{"line":242,"column":32}},"49":{"start":{"line":250,"column":4},"end":{"line":250,"column":24}},"50":{"start":{"line":255,"column":4},"end":{"line":255,"column":21}},"51":{"start":{"line":256,"column":4},"end":{"line":256,"column":19}},"52":{"start":{"line":257,"column":4},"end":{"line":257,"column":81}},"53":{"start":{"line":258,"column":4},"end":{"line":261,"column":21}},"54":{"start":{"line":262,"column":4},"end":{"line":265,"column":92}},"55":{"start":{"line":266,"column":4},"end":{"line":269,"column":21}},"56":{"start":{"line":270,"column":4},"end":{"line":271,"column":83}},"57":{"start":{"line":272,"column":4},"end":{"line":275,"column":88}},"58":{"start":{"line":276,"column":4},"end":{"line":279,"column":89}},"59":{"start":{"line":280,"column":4},"end":{"line":283,"column":21}},"60":{"start":{"line":284,"column":4},"end":{"line":285,"column":73}},"61":{"start":{"line":286,"column":4},"end":{"line":289,"column":21}},"62":{"start":{"line":290,"column":4},"end":{"line":290,"column":18}},"63":{"start":{"line":295,"column":4},"end":{"line":297,"column":5}},"64":{"start":{"line":296,"column":6},"end":{"line":296,"column":19}},"65":{"start":{"line":299,"column":4},"end":{"line":299,"column":71}},"66":{"start":{"line":301,"column":4},"end":{"line":310,"column":87}},"67":{"start":{"line":316,"column":0},"end":{"line":322,"column":1}},"68":{"start":{"line":317,"column":2},"end":{"line":317,"column":20}},"69":{"start":{"line":318,"column":2},"end":{"line":318,"column":39}},"70":{"start":{"line":319,"column":2},"end":{"line":319,"column":36}},"71":{"start":{"line":321,"column":2},"end":{"line":321,"column":18}},"72":{"start":{"line":325,"column":0},"end":{"line":338,"column":1}},"73":{"start":{"line":326,"column":2},"end":{"line":326,"column":45}},"74":{"start":{"line":328,"column":2},"end":{"line":336,"column":3}},"75":{"start":{"line":329,"column":4},"end":{"line":335,"column":5}},"76":{"start":{"line":330,"column":6},"end":{"line":330,"column":25}},"77":{"start":{"line":331,"column":6},"end":{"line":331,"column":66}},"78":{"start":{"line":332,"column":11},"end":{"line":335,"column":5}},"79":{"start":{"line":333,"column":6},"end":{"line":333,"column":27}},"80":{"start":{"line":334,"column":6},"end":{"line":334,"column":64}},"81":{"start":{"line":337,"column":2},"end":{"line":337,"column":32}},"82":{"start":{"line":340,"column":0},"end":{"line":352,"column":1}},"83":{"start":{"line":341,"column":2},"end":{"line":341,"column":45}},"84":{"start":{"line":343,"column":2},"end":{"line":350,"column":3}},"85":{"start":{"line":344,"column":4},"end":{"line":349,"column":5}},"86":{"start":{"line":345,"column":6},"end":{"line":347,"column":7}},"87":{"start":{"line":346,"column":8},"end":{"line":346,"column":58}},"88":{"start":{"line":348,"column":6},"end":{"line":348,"column":66}},"89":{"start":{"line":351,"column":2},"end":{"line":351,"column":32}},"90":{"start":{"line":354,"column":0},"end":{"line":366,"column":1}},"91":{"start":{"line":355,"column":2},"end":{"line":355,"column":39}},"92":{"start":{"line":357,"column":2},"end":{"line":364,"column":3}},"93":{"start":{"line":358,"column":4},"end":{"line":363,"column":5}},"94":{"start":{"line":359,"column":6},"end":{"line":361,"column":7}},"95":{"start":{"line":360,"column":8},"end":{"line":360,"column":49}},"96":{"start":{"line":362,"column":6},"end":{"line":362,"column":54}},"97":{"start":{"line":365,"column":2},"end":{"line":365,"column":26}},"98":{"start":{"line":368,"column":0},"end":{"line":380,"column":1}},"99":{"start":{"line":369,"column":2},"end":{"line":369,"column":42}},"100":{"start":{"line":371,"column":2},"end":{"line":378,"column":3}},"101":{"start":{"line":372,"column":4},"end":{"line":377,"column":5}},"102":{"start":{"line":373,"column":6},"end":{"line":375,"column":7}},"103":{"start":{"line":374,"column":8},"end":{"line":374,"column":54}},"104":{"start":{"line":376,"column":6},"end":{"line":376,"column":61}},"105":{"start":{"line":379,"column":2},"end":{"line":379,"column":29}},"106":{"start":{"line":382,"column":0},"end":{"line":396,"column":1}},"107":{"start":{"line":383,"column":2},"end":{"line":383,"column":43}},"108":{"start":{"line":385,"column":2},"end":{"line":387,"column":3}},"109":{"start":{"line":386,"column":4},"end":{"line":386,"column":41}},"110":{"start":{"line":389,"column":2},"end":{"line":394,"column":3}},"111":{"start":{"line":390,"column":4},"end":{"line":390,"column":40}},"112":{"start":{"line":391,"column":4},"end":{"line":393,"column":5}},"113":{"start":{"line":392,"column":6},"end":{"line":392,"column":50}},"114":{"start":{"line":395,"column":2},"end":{"line":395,"column":30}},"115":{"start":{"line":398,"column":0},"end":{"line":412,"column":1}},"116":{"start":{"line":399,"column":2},"end":{"line":399,"column":44}},"117":{"start":{"line":401,"column":2},"end":{"line":403,"column":3}},"118":{"start":{"line":402,"column":4},"end":{"line":402,"column":42}},"119":{"start":{"line":405,"column":2},"end":{"line":410,"column":3}},"120":{"start":{"line":406,"column":4},"end":{"line":406,"column":40}},"121":{"start":{"line":407,"column":4},"end":{"line":409,"column":5}},"122":{"start":{"line":408,"column":6},"end":{"line":408,"column":51}},"123":{"start":{"line":411,"column":2},"end":{"line":411,"column":31}},"124":{"start":{"line":414,"column":0},"end":{"line":426,"column":1}},"125":{"start":{"line":415,"column":2},"end":{"line":415,"column":39}},"126":{"start":{"line":417,"column":2},"end":{"line":424,"column":3}},"127":{"start":{"line":418,"column":4},"end":{"line":423,"column":5}},"128":{"start":{"line":419,"column":6},"end":{"line":421,"column":7}},"129":{"start":{"line":420,"column":8},"end":{"line":420,"column":58}},"130":{"start":{"line":422,"column":6},"end":{"line":422,"column":65}},"131":{"start":{"line":425,"column":2},"end":{"line":425,"column":26}},"132":{"start":{"line":429,"column":0},"end":{"line":429,"column":30}}},"branchMap":{"1":{"line":184,"type":"if","locations":[{"start":{"line":184,"column":6},"end":{"line":184,"column":6}},{"start":{"line":184,"column":6},"end":{"line":184,"column":6}}]},"2":{"line":257,"type":"cond-expr","locations":[{"start":{"line":257,"column":54},"end":{"line":257,"column":55}},{"start":{"line":257,"column":58},"end":{"line":257,"column":79}}]},"3":{"line":260,"type":"cond-expr","locations":[{"start":{"line":260,"column":51},"end":{"line":260,"column":52}},{"start":{"line":260,"column":55},"end":{"line":261,"column":19}}]},"4":{"line":264,"type":"cond-expr","locations":[{"start":{"line":264,"column":57},"end":{"line":264,"column":58}},{"start":{"line":265,"column":52},"end":{"line":265,"column":90}}]},"5":{"line":268,"type":"cond-expr","locations":[{"start":{"line":268,"column":54},"end":{"line":268,"column":55}},{"start":{"line":268,"column":58},"end":{"line":269,"column":19}}]},"6":{"line":271,"type":"cond-expr","locations":[{"start":{"line":271,"column":48},"end":{"line":271,"column":49}},{"start":{"line":271,"column":52},"end":{"line":271,"column":81}}]},"7":{"line":274,"type":"cond-expr","locations":[{"start":{"line":274,"column":55},"end":{"line":274,"column":56}},{"start":{"line":275,"column":50},"end":{"line":275,"column":86}}]},"8":{"line":278,"type":"cond-expr","locations":[{"start":{"line":278,"column":56},"end":{"line":278,"column":57}},{"start":{"line":279,"column":50},"end":{"line":279,"column":87}}]},"9":{"line":282,"type":"cond-expr","locations":[{"start":{"line":282,"column":51},"end":{"line":282,"column":52}},{"start":{"line":282,"column":55},"end":{"line":283,"column":19}}]},"10":{"line":285,"type":"cond-expr","locations":[{"start":{"line":285,"column":43},"end":{"line":285,"column":44}},{"start":{"line":285,"column":47},"end":{"line":285,"column":71}}]},"11":{"line":288,"type":"cond-expr","locations":[{"start":{"line":288,"column":54},"end":{"line":288,"column":55}},{"start":{"line":288,"column":58},"end":{"line":289,"column":19}}]},"12":{"line":295,"type":"if","locations":[{"start":{"line":295,"column":4},"end":{"line":295,"column":4}},{"start":{"line":295,"column":4},"end":{"line":295,"column":4}}]},"13":{"line":301,"type":"binary-expr","locations":[{"start":{"line":301,"column":11},"end":{"line":301,"column":69}},{"start":{"line":302,"column":12},"end":{"line":302,"column":64}},{"start":{"line":303,"column":12},"end":{"line":303,"column":80}},{"start":{"line":304,"column":12},"end":{"line":304,"column":98}},{"start":{"line":305,"column":12},"end":{"line":305,"column":92}},{"start":{"line":306,"column":12},"end":{"line":306,"column":86}},{"start":{"line":307,"column":12},"end":{"line":307,"column":92}},{"start":{"line":308,"column":12},"end":{"line":308,"column":94}},{"start":{"line":309,"column":12},"end":{"line":309,"column":96}},{"start":{"line":310,"column":12},"end":{"line":310,"column":86}}]},"14":{"line":329,"type":"if","locations":[{"start":{"line":329,"column":4},"end":{"line":329,"column":4}},{"start":{"line":329,"column":4},"end":{"line":329,"column":4}}]},"15":{"line":332,"type":"if","locations":[{"start":{"line":332,"column":11},"end":{"line":332,"column":11}},{"start":{"line":332,"column":11},"end":{"line":332,"column":11}}]},"16":{"line":344,"type":"if","locations":[{"start":{"line":344,"column":4},"end":{"line":344,"column":4}},{"start":{"line":344,"column":4},"end":{"line":344,"column":4}}]},"17":{"line":345,"type":"if","locations":[{"start":{"line":345,"column":6},"end":{"line":345,"column":6}},{"start":{"line":345,"column":6},"end":{"line":345,"column":6}}]},"18":{"line":358,"type":"if","locations":[{"start":{"line":358,"column":4},"end":{"line":358,"column":4}},{"start":{"line":358,"column":4},"end":{"line":358,"column":4}}]},"19":{"line":359,"type":"if","locations":[{"start":{"line":359,"column":6},"end":{"line":359,"column":6}},{"start":{"line":359,"column":6},"end":{"line":359,"column":6}}]},"20":{"line":372,"type":"if","locations":[{"start":{"line":372,"column":4},"end":{"line":372,"column":4}},{"start":{"line":372,"column":4},"end":{"line":372,"column":4}}]},"21":{"line":373,"type":"if","locations":[{"start":{"line":373,"column":6},"end":{"line":373,"column":6}},{"start":{"line":373,"column":6},"end":{"line":373,"column":6}}]},"22":{"line":391,"type":"if","locations":[{"start":{"line":391,"column":4},"end":{"line":391,"column":4}},{"start":{"line":391,"column":4},"end":{"line":391,"column":4}}]},"23":{"line":407,"type":"if","locations":[{"start":{"line":407,"column":4},"end":{"line":407,"column":4}},{"start":{"line":407,"column":4},"end":{"line":407,"column":4}}]},"24":{"line":418,"type":"if","locations":[{"start":{"line":418,"column":4},"end":{"line":418,"column":4}},{"start":{"line":418,"column":4},"end":{"line":418,"column":4}}]},"25":{"line":419,"type":"if","locations":[{"start":{"line":419,"column":6},"end":{"line":419,"column":6}},{"start":{"line":419,"column":6},"end":{"line":419,"column":6}}]}}},"C:\\Users\\Xitaris27\\Documents\\GitHub\\GraphWalker\\lib\\GraphWalkerConvertedToJS\\classes version\\BuilderFactory.js":{"path":"C:\\Users\\Xitaris27\\Documents\\GitHub\\GraphWalker\\lib\\GraphWalkerConvertedToJS\\classes version\\BuilderFactory.js","s":{"1":2,"2":2,"3":6,"4":2,"5":1},"b":{},"f":{"1":2},"fnMap":{"1":{"name":"(anonymous_1)","line":38,"loc":{"start":{"line":38,"column":9},"end":{"line":38,"column":22}}}},"statementMap":{"1":{"start":{"line":39,"column":8},"end":{"line":39,"column":31}},"2":{"start":{"line":41,"column":8},"end":{"line":43,"column":9}},"3":{"start":{"line":42,"column":12},"end":{"line":42,"column":54}},"4":{"start":{"line":45,"column":8},"end":{"line":45,"column":29}},"5":{"start":{"line":49,"column":0},"end":{"line":49,"column":32}}},"branchMap":{}},"C:\\Users\\Xitaris27\\Documents\\GitHub\\GraphWalker\\lib\\GraphWalkerConvertedToJS\\classes version\\Requirement.js":{"path":"C:\\Users\\Xitaris27\\Documents\\GitHub\\GraphWalker\\lib\\GraphWalkerConvertedToJS\\classes version\\Requirement.js","s":{"1":18,"2":0,"3":1},"b":{},"f":{"1":18,"2":0},"fnMap":{"1":{"name":"(anonymous_1)","line":45,"loc":{"start":{"line":45,"column":13},"end":{"line":45,"column":19}}},"2":{"name":"(anonymous_2)","line":54,"loc":{"start":{"line":54,"column":8},"end":{"line":54,"column":11}}}},"statementMap":{"1":{"start":{"line":46,"column":4},"end":{"line":46,"column":19}},"2":{"start":{"line":55,"column":4},"end":{"line":55,"column":20}},"3":{"start":{"line":59,"column":0},"end":{"line":59,"column":29}}},"branchMap":{}}}