TN:
SF:C:\Users\Xitaris27\Documents\GitHub\GraphWalker\lib\GraphWalkerConvertedToJS\classes version\Requirement.js
FN:45,(anonymous_1)
FN:54,(anonymous_2)
FNF:2
FNH:2
FNDA:1,(anonymous_1)
FNDA:1,(anonymous_2)
DA:46,1
DA:55,1
DA:59,1
LF:3
LH:3
BRF:0
BRH:0
end_of_record
TN:
SF:C:\Users\Xitaris27\Documents\GitHub\GraphWalker\lib\GraphWalkerConvertedToJS\classes version\Vertex.js
FN:48,(anonymous_1)
FN:58,(anonymous_2)
FN:78,(anonymous_3)
FN:90,(anonymous_4)
FNF:4
FNH:4
FNDA:1,(anonymous_1)
FNDA:2,(anonymous_2)
FNDA:1,(anonymous_3)
FNDA:1,(anonymous_4)
DA:42,1
DA:43,1
DA:49,1
DA:50,1
DA:59,2
DA:79,1
DA:80,1
DA:81,1
DA:91,1
DA:96,1
LF:10
LH:10
BRF:0
BRH:0
end_of_record
TN:
SF:C:\Users\Xitaris27\Documents\GitHub\GraphWalker\lib\GraphWalkerConvertedToJS\classes version\CachedBuilder.js
FN:37,(anonymous_1)
FN:43,(anonymous_2)
FN:47,(anonymous_3)
FN:50,(anonymous_4)
FN:58,(anonymous_5)
FN:64,(anonymous_6)
FN:69,(anonymous_7)
FN:74,(anonymous_8)
FN:80,(anonymous_9)
FN:86,(anonymous_10)
FN:92,(anonymous_11)
FNF:11
FNH:6
FNDA:1,(anonymous_1)
FNDA:6,(anonymous_2)
FNDA:0,(anonymous_3)
FNDA:0,(anonymous_4)
FNDA:1,(anonymous_5)
FNDA:1,(anonymous_6)
FNDA:0,(anonymous_7)
FNDA:1,(anonymous_8)
FNDA:0,(anonymous_9)
FNDA:0,(anonymous_10)
FNDA:1,(anonymous_11)
DA:32,1
DA:33,1
DA:38,1
DA:39,1
DA:40,1
DA:44,6
DA:51,0
DA:52,0
DA:54,0
DA:59,1
DA:60,1
DA:65,1
DA:66,1
DA:70,0
DA:75,1
DA:76,1
DA:81,0
DA:82,0
DA:87,0
DA:88,0
DA:93,1
DA:94,1
DA:98,1
LF:23
LH:15
BRDA:51,1,0,0
BRDA:51,1,1,0
BRF:2
BRH:0
end_of_record
TN:
SF:C:\Users\Xitaris27\Documents\GitHub\GraphWalker\lib\GraphWalkerConvertedToJS\classes version\BuilderBase.js
FN:39,(anonymous_1)
FN:47,(anonymous_2)
FN:52,(anonymous_3)
FN:57,(anonymous_4)
FN:62,(anonymous_5)
FN:67,(anonymous_6)
FN:72,(anonymous_7)
FN:78,(anonymous_8)
FN:83,(anonymous_9)
FN:87,(anonymous_10)
FN:92,(anonymous_11)
FN:98,(anonymous_12)
FN:103,(anonymous_13)
FNF:13
FNH:11
FNDA:1,(anonymous_1)
FNDA:2,(anonymous_2)
FNDA:1,(anonymous_3)
FNDA:2,(anonymous_4)
FNDA:1,(anonymous_5)
FNDA:2,(anonymous_6)
FNDA:1,(anonymous_7)
FNDA:0,(anonymous_8)
FNDA:1,(anonymous_9)
FNDA:2,(anonymous_10)
FNDA:0,(anonymous_11)
FNDA:1,(anonymous_12)
FNDA:1,(anonymous_13)
DA:32,1
DA:33,1
DA:34,1
DA:40,1
DA:41,1
DA:42,1
DA:43,1
DA:44,1
DA:48,2
DA:53,1
DA:54,1
DA:58,2
DA:63,1
DA:64,1
DA:68,2
DA:73,1
DA:74,1
DA:79,0
DA:80,0
DA:84,1
DA:88,2
DA:93,0
DA:94,0
DA:99,1
DA:100,1
DA:104,1
DA:108,1
LF:27
LH:23
BRF:0
BRH:0
end_of_record
TN:
SF:C:\Users\Xitaris27\Documents\GitHub\GraphWalker\lib\GraphWalkerConvertedToJS\classes version\Builder.js
FN:32,(anonymous_1)
FNF:1
FNH:0
FNDA:0,(anonymous_1)
DA:35,1
LF:1
LH:1
BRF:0
BRH:0
end_of_record
TN:
SF:C:\Users\Xitaris27\Documents\GitHub\GraphWalker\lib\GraphWalkerConvertedToJS\classes version\Objects.js
FN:36,(anonymous_1)
FN:38,(anonymous_2)
FN:41,(anonymous_3)
FN:78,(anonymous_4)
FN:82,(anonymous_5)
FN:86,(anonymous_6)
FN:90,(anonymous_7)
FN:96,(anonymous_8)
FN:100,(anonymous_9)
FN:104,(anonymous_10)
FNF:10
FNH:2
FNDA:4,(anonymous_1)
FNDA:0,(anonymous_2)
FNDA:4,(anonymous_3)
FNDA:0,(anonymous_4)
FNDA:0,(anonymous_5)
FNDA:0,(anonymous_6)
FNDA:0,(anonymous_7)
FNDA:0,(anonymous_8)
FNDA:0,(anonymous_9)
FNDA:0,(anonymous_10)
DA:39,0
DA:42,4
DA:79,0
DA:83,0
DA:87,0
DA:91,0
DA:97,0
DA:101,0
DA:105,0
DA:109,1
LF:10
LH:2
BRDA:39,1,0,0
BRDA:39,1,1,0
BRDA:42,2,0,4
BRDA:42,2,1,2
BRDA:87,3,0,0
BRDA:87,3,1,0
BRDA:87,3,2,0
BRF:7
BRH:2
end_of_record
TN:
SF:C:\Users\Xitaris27\Documents\GitHub\GraphWalker\lib\GraphWalkerConvertedToJS\classes version\RuntimeVertex.js
FN:45,(anonymous_1)
FN:58,(anonymous_2)
FN:67,(anonymous_3)
FN:75,(anonymous_4)
FN:80,(anonymous_5)
FN:89,(anonymous_6)
FNF:6
FNH:1
FNDA:1,(anonymous_1)
FNDA:0,(anonymous_2)
FNDA:0,(anonymous_3)
FNDA:0,(anonymous_4)
FNDA:0,(anonymous_5)
FNDA:0,(anonymous_6)
DA:39,1
DA:40,1
DA:46,1
DA:47,1
DA:48,1
DA:59,0
DA:68,0
DA:76,0
DA:81,0
DA:82,0
DA:83,0
DA:85,0
DA:90,0
DA:91,0
DA:94,0
DA:95,0
DA:99,1
LF:17
LH:6
BRDA:84,1,0,0
BRDA:84,1,1,0
BRDA:90,2,0,0
BRDA:90,2,1,0
BRF:4
BRH:0
end_of_record
TN:
SF:C:\Users\Xitaris27\Documents\GitHub\GraphWalker\lib\GraphWalkerConvertedToJS\classes version\RuntimeBase.js
FN:43,(anonymous_1)
FN:58,(anonymous_2)
FN:63,(anonymous_3)
FN:68,(anonymous_4)
FN:73,(anonymous_5)
FN:78,(anonymous_6)
FN:83,(anonymous_7)
FN:87,(anonymous_8)
FN:91,(anonymous_9)
FN:95,(anonymous_10)
FN:99,(anonymous_11)
FN:103,(anonymous_12)
FN:107,(anonymous_13)
FN:112,(anonymous_14)
FN:126,(anonymous_15)
FN:145,getIdOrDefault
FN:150,createDefault
FNF:17
FNH:3
FNDA:1,(anonymous_1)
FNDA:0,(anonymous_2)
FNDA:0,(anonymous_3)
FNDA:0,(anonymous_4)
FNDA:0,(anonymous_5)
FNDA:0,(anonymous_6)
FNDA:0,(anonymous_7)
FNDA:0,(anonymous_8)
FNDA:0,(anonymous_9)
FNDA:0,(anonymous_10)
FNDA:0,(anonymous_11)
FNDA:0,(anonymous_12)
FNDA:0,(anonymous_13)
FNDA:0,(anonymous_14)
FNDA:0,(anonymous_15)
FNDA:1,getIdOrDefault
FNDA:1,createDefault
DA:32,1
DA:33,1
DA:34,1
DA:36,1
DA:37,1
DA:44,1
DA:45,1
DA:46,1
DA:47,1
DA:48,1
DA:49,1
DA:50,1
DA:59,0
DA:64,0
DA:69,0
DA:74,0
DA:79,0
DA:84,0
DA:88,0
DA:92,0
DA:96,0
DA:100,0
DA:104,0
DA:108,0
DA:113,0
DA:114,0
DA:115,0
DA:116,0
DA:117,0
DA:118,0
DA:120,0
DA:122,0
DA:127,0
DA:128,0
DA:133,0
DA:135,0
DA:145,1
DA:146,1
DA:147,1
DA:150,1
DA:151,1
DA:154,1
LF:42
LH:18
BRDA:48,1,0,0
BRDA:48,1,1,1
BRDA:49,2,0,1
BRDA:49,2,1,0
BRDA:50,3,0,1
BRDA:50,3,1,0
BRDA:115,4,0,0
BRDA:115,4,1,0
BRDA:116,5,0,0
BRDA:116,5,1,0
BRDA:117,6,0,0
BRDA:117,6,1,0
BRDA:119,7,0,0
BRDA:119,7,1,0
BRDA:121,8,0,0
BRDA:121,8,1,0
BRDA:127,9,0,0
BRDA:127,9,1,0
BRDA:135,10,0,0
BRDA:135,10,1,0
BRDA:135,10,2,0
BRDA:135,10,3,0
BRDA:135,10,4,0
BRDA:147,11,0,0
BRDA:147,11,1,1
BRF:25
BRH:4
end_of_record
TN:
SF:C:\Users\Xitaris27\Documents\GitHub\GraphWalker\lib\GraphWalkerConvertedToJS\classes version\Element.js
FN:37,(anonymous_1)
FN:39,(anonymous_2)
FN:48,(anonymous_3)
FN:57,(anonymous_4)
FN:59,(anonymous_5)
FN:61,(anonymous_6)
FN:63,(anonymous_7)
FN:65,(anonymous_8)
FN:67,(anonymous_9)
FN:69,(anonymous_10)
FN:71,(anonymous_11)
FNF:11
FNH:0
FNDA:0,(anonymous_1)
FNDA:0,(anonymous_2)
FNDA:0,(anonymous_3)
FNDA:0,(anonymous_4)
FNDA:0,(anonymous_5)
FNDA:0,(anonymous_6)
FNDA:0,(anonymous_7)
FNDA:0,(anonymous_8)
FNDA:0,(anonymous_9)
FNDA:0,(anonymous_10)
FNDA:0,(anonymous_11)
DA:75,1
LF:1
LH:1
BRF:0
BRH:0
end_of_record
